[native] genuine baselines: jacobian_dls, multi_start, trac_ik_style | C++ ProteinIK: protein_fast, protein_fast_calib, protein_fast_o2, protein_ik, protein_raw
=== Master sim benchmark ===
  engines=PyBullet + MuJoCo  n/cell=300  cells=99 (0 already done, 99 to run)
  out=results/master_full(cpp).csv / results/master_full(cpp).md
/usr/lib/python3/dist-packages/scipy/__init__.py:146: UserWarning: A NumPy version >=1.17.3 and <1.25.0 is required for this version of SciPy (detected version 1.26.4
  warnings.warn(f"A NumPy version >={np_minversion} and <{np_maxversion}"
[  1/99] planar3dof   open_space    Jacobian DLS (real RTB LM, single-shot) succ  66.3  PBcol   –    MJcol   –    mean     0.2ms  [  4.5s cell, ETA   7.3m]
[  2/99] planar3dof   open_space    CCD (in-repo; no genuine upstream) succ  49.0  PBcol   –    MJcol   –    mean    52.7ms  [ 16.7s cell, ETA  17.2m]
[  3/99] planar3dof   open_space    FABRIK (in-repo; no genuine upstream) succ  44.0  PBcol   –    MJcol   –    mean    39.8ms  [ 12.8s cell, ETA  18.2m]
[  4/99] planar3dof   open_space    TRAC-IK (real C++ TRACLabs)    succ 100.0  PBcol   –    MJcol   –    mean     0.2ms  [  0.1s cell, ETA  13.5m]
[  5/99] planar3dof   open_space    Multi-start (real RTB ik_LM restarts) succ 100.0  PBcol   –    MJcol   –    mean     0.2ms  [  0.1s cell, ETA  10.8m]
[  6/99] planar3dof   open_space    ProteinIK (V1)                 succ  99.3  PBcol   –    MJcol   –    mean     0.0ms  [  0.0s cell, ETA   8.9m]
[  7/99] planar3dof   open_space    ProteinIK Fast (V4)            succ 100.0  PBcol   –    MJcol   –    mean     0.1ms  [  0.0s cell, ETA   7.5m]
[  8/99] planar3dof   open_space    ProteinIK Fast (V4+o2 IAM)     succ 100.0  PBcol   –    MJcol   –    mean     0.1ms  [  0.0s cell, ETA   6.5m]
[  9/99] planar3dof   open_space    ProteinIK Fast (V4 real-calib) succ 100.0  PBcol   –    MJcol   –    mean     0.1ms  [  0.0s cell, ETA   5.8m]
[ 10/99] planar3dof   open_space    ProteinIK Raw Biology (V6)     succ  99.7  PBcol   –    MJcol   –    mean     3.6ms  [  1.2s cell, ETA   5.3m]
[ 11/99] planar3dof   open_space    Analytical IK (Planar 3-DOF, exact) succ 100.0  PBcol   –    MJcol   –    mean     0.1ms  [  0.0s cell, ETA   4.8m]
[ 12/99] planar3dof   near_singular Jacobian DLS (real RTB LM, single-shot) succ  64.3  PBcol   –    MJcol   –    mean     0.2ms  [  0.1s cell, ETA   4.5m]
[ 13/99] planar3dof   near_singular CCD (in-repo; no genuine upstream) succ  26.0  PBcol   –    MJcol   –    mean    73.9ms  [ 24.0s cell, ETA   7.0m]
[ 14/99] planar3dof   near_singular FABRIK (in-repo; no genuine upstream) succ  22.7  PBcol   –    MJcol   –    mean    53.6ms  [ 17.3s cell, ETA   8.3m]
[ 15/99] planar3dof   near_singular TRAC-IK (real C++ TRACLabs)    succ 100.0  PBcol   –    MJcol   –    mean     0.2ms  [  0.1s cell, ETA   7.8m]
[ 16/99] planar3dof   near_singular Multi-start (real RTB ik_LM restarts) succ 100.0  PBcol   –    MJcol   –    mean     0.2ms  [  0.1s cell, ETA   7.4m]
[ 17/99] planar3dof   near_singular ProteinIK (V1)                 succ  83.3  PBcol   –    MJcol   –    mean     0.1ms  [  0.1s cell, ETA   7.1m]
[ 18/99] planar3dof   near_singular ProteinIK Fast (V4)            succ  99.7  PBcol   –    MJcol   –    mean     0.3ms  [  0.1s cell, ETA   6.7m]
[ 19/99] planar3dof   near_singular ProteinIK Fast (V4+o2 IAM)     succ  99.7  PBcol   –    MJcol   –    mean     0.2ms  [  0.1s cell, ETA   6.4m]
[ 20/99] planar3dof   near_singular ProteinIK Fast (V4 real-calib) succ  99.7  PBcol   –    MJcol   –    mean     0.3ms  [  0.1s cell, ETA   6.1m]
[ 21/99] planar3dof   near_singular ProteinIK Raw Biology (V6)     succ  99.3  PBcol   –    MJcol   –    mean     3.7ms  [  1.2s cell, ETA   6.0m]
[ 22/99] planar3dof   near_singular Analytical IK (Planar 3-DOF, exact) succ 100.0  PBcol   –    MJcol   –    mean     0.1ms  [  0.0s cell, ETA   5.7m]
[ 23/99] planar3dof   cluttered     Jacobian DLS (real RTB LM, single-shot) succ  67.7  PBcol   –    MJcol   –    mean     0.2ms  [  0.1s cell, ETA   5.4m]
[ 24/99] planar3dof   cluttered     CCD (in-repo; no genuine upstream) succ  21.7  PBcol   –    MJcol   –    mean    73.7ms  [ 23.9s cell, ETA   6.4m]
[ 25/99] planar3dof   cluttered     FABRIK (in-repo; no genuine upstream) succ  24.3  PBcol   –    MJcol   –    mean    50.3ms  [ 16.1s cell, ETA   6.8m]
[ 26/99] planar3dof   cluttered     TRAC-IK (real C++ TRACLabs)    succ 100.0  PBcol   –    MJcol   –    mean     0.2ms  [  0.1s cell, ETA   6.5m]
[ 27/99] planar3dof   cluttered     Multi-start (real RTB ik_LM restarts) succ 100.0  PBcol   –    MJcol   –    mean     0.2ms  [  0.1s cell, ETA   6.2m]
[ 28/99] planar3dof   cluttered     ProteinIK (V1)                 succ  91.0  PBcol   –    MJcol   –    mean     0.1ms  [  0.0s cell, ETA   5.9m]
[ 29/99] planar3dof   cluttered     ProteinIK Fast (V4)            succ 100.0  PBcol   –    MJcol   –    mean     0.3ms  [  0.1s cell, ETA   5.6m]
[ 30/99] planar3dof   cluttered     ProteinIK Fast (V4+o2 IAM)     succ 100.0  PBcol   –    MJcol   –    mean     0.2ms  [  0.1s cell, ETA   5.4m]
[ 31/99] planar3dof   cluttered     ProteinIK Fast (V4 real-calib) succ 100.0  PBcol   –    MJcol   –    mean     0.3ms  [  0.1s cell, ETA   5.1m]
[ 32/99] planar3dof   cluttered     ProteinIK Raw Biology (V6)     succ  97.7  PBcol   –    MJcol   –    mean     3.7ms  [  1.2s cell, ETA   4.9m]
[ 33/99] planar3dof   cluttered     Analytical IK (Planar 3-DOF, exact) succ 100.0  PBcol   –    MJcol   –    mean     0.1ms  [  0.0s cell, ETA   4.7m]
pybullet build time: Jan 29 2025 23:16:28
[ur5] PyBullet oracle ready: ee=tool0 offset=base resid=9.48e-07
[ur5] MuJoCo oracle ready: offset=base resid=5.16e-08
[ur5]  A/FK  PB↔MJ max_pos=4.11e-08m max_orient=5.93e-07rad
[ur5]  B/col proxy 19.2%  PB 39.1%  MJ 37.0%  sign-agree 97.9%
[ 34/99] ur5          open_space    Jacobian DLS (real RTB LM, single-shot) succ  72.3  PBcol  39.0  MJcol  37.3  mean     0.6ms  [  0.3s cell, ETA   4.6m]
[ 35/99] ur5          open_space    CCD (in-repo; no genuine upstream) succ  43.7  PBcol  38.0  MJcol  37.3  mean   139.4ms  [ 45.1s cell, ETA   5.7m]
[ 36/99] ur5          open_space    FABRIK (in-repo; no genuine upstream) succ  49.7  PBcol  43.3  MJcol  41.3  mean    86.9ms  [ 27.8s cell, ETA   6.3m]
[ 37/99] ur5          open_space    TRAC-IK (real C++ TRACLabs)    succ 100.0  PBcol  29.7  MJcol  28.0  mean     0.5ms  [  0.6s cell, ETA   6.1m]
[ 38/99] ur5          open_space    Multi-start (real RTB ik_LM restarts) succ 100.0  PBcol  37.3  MJcol  35.7  mean     0.6ms  [  0.3s cell, ETA   5.8m]
[ 39/99] ur5          open_space    ProteinIK (V1)                 succ  97.3  PBcol  29.3  MJcol  28.3  mean     0.1ms  [  0.1s cell, ETA   5.6m]
[ 40/99] ur5          open_space    ProteinIK Fast (V4)            succ  99.7  PBcol  26.7  MJcol  25.7  mean     0.1ms  [  0.1s cell, ETA   5.3m]
[ 41/99] ur5          open_space    ProteinIK Fast (V4+o2 IAM)     succ  99.7  PBcol  27.3  MJcol  26.7  mean     0.1ms  [  0.1s cell, ETA   5.1m]
[ 42/99] ur5          open_space    ProteinIK Fast (V4 real-calib) succ  99.7  PBcol  23.0  MJcol  21.7  mean     0.6ms  [  0.3s cell, ETA   4.9m]
[ 43/99] ur5          open_space    ProteinIK Raw Biology (V6)     succ  99.3  PBcol  13.7  MJcol  12.0  mean    13.6ms  [  4.5s cell, ETA   4.8m]
[ 44/99] ur5          open_space    PyBullet native IK             succ   –    PBcol  43.7  MJcol  42.3  mean     4.0ms  [  1.4s cell, ETA   4.7m]
[ 45/99] ur5          near_singular Jacobian DLS (real RTB LM, single-shot) succ  69.7  PBcol  49.0  MJcol  47.0  mean     0.6ms  [  0.4s cell, ETA   4.5m]
[ 46/99] ur5          near_singular CCD (in-repo; no genuine upstream) succ  32.0  PBcol  50.0  MJcol  48.3  mean   160.9ms  [ 53.3s cell, ETA   5.3m]
[ 47/99] ur5          near_singular FABRIK (in-repo; no genuine upstream) succ  34.7  PBcol  53.0  MJcol  51.0  mean   104.7ms  [ 33.8s cell, ETA   5.8m]
[ 48/99] ur5          near_singular TRAC-IK (real C++ TRACLabs)    succ  99.3  PBcol  44.3  MJcol  42.7  mean     0.5ms  [  0.3s cell, ETA   5.5m]
[ 49/99] ur5          near_singular Multi-start (real RTB ik_LM restarts) succ 100.0  PBcol  43.0  MJcol  42.0  mean     0.6ms  [  0.3s cell, ETA   5.3m]
[ 50/99] ur5          near_singular ProteinIK (V1)                 succ  88.3  PBcol  40.3  MJcol  38.7  mean     0.2ms  [  0.2s cell, ETA   5.1m]
[ 51/99] ur5          near_singular ProteinIK Fast (V4)            succ 100.0  PBcol  38.0  MJcol  36.7  mean     0.2ms  [  0.2s cell, ETA   4.9m]
[ 52/99] ur5          near_singular ProteinIK Fast (V4+o2 IAM)     succ 100.0  PBcol  37.3  MJcol  36.0  mean     0.1ms  [  0.1s cell, ETA   4.7m]
[ 53/99] ur5          near_singular ProteinIK Fast (V4 real-calib) succ 100.0  PBcol  35.0  MJcol  33.3  mean     0.6ms  [  0.3s cell, ETA   4.6m]
[ 54/99] ur5          near_singular ProteinIK Raw Biology (V6)     succ  99.7  PBcol  24.7  MJcol  24.0  mean    13.6ms  [  4.5s cell, ETA   4.4m]
[ 55/99] ur5          near_singular PyBullet native IK             succ   –    PBcol  51.3  MJcol  50.3  mean     5.8ms  [  2.0s cell, ETA   4.3m]
[ 56/99] ur5          cluttered     Jacobian DLS (real RTB LM, single-shot) succ  77.0  PBcol  62.3  MJcol  61.0  mean     0.5ms  [  0.3s cell, ETA   4.1m]
[ 57/99] ur5          cluttered     CCD (in-repo; no genuine upstream) succ  41.0  PBcol  70.3  MJcol  67.7  mean   145.6ms  [ 47.6s cell, ETA   4.5m]
[ 58/99] ur5          cluttered     FABRIK (in-repo; no genuine upstream) succ  37.0  PBcol  68.0  MJcol  67.0  mean    98.3ms  [ 32.1s cell, ETA   4.7m]
[ 59/99] ur5          cluttered     TRAC-IK (real C++ TRACLabs)    succ 100.0  PBcol  71.3  MJcol  70.0  mean     0.4ms  [  0.3s cell, ETA   4.6m]
[ 60/99] ur5          cluttered     Multi-start (real RTB ik_LM restarts) succ 100.0  PBcol  81.3  MJcol  79.3  mean     0.5ms  [  0.3s cell, ETA   4.4m]
[ 61/99] ur5          cluttered     ProteinIK (V1)                 succ  89.3  PBcol  64.7  MJcol  63.0  mean     0.2ms  [  0.2s cell, ETA   4.2m]
[ 62/99] ur5          cluttered     ProteinIK Fast (V4)            succ 100.0  PBcol  55.3  MJcol  54.7  mean     0.2ms  [  0.2s cell, ETA   4.0m]
[ 63/99] ur5          cluttered     ProteinIK Fast (V4+o2 IAM)     succ 100.0  PBcol  57.7  MJcol  57.0  mean     0.1ms  [  0.2s cell, ETA   3.9m]
[ 64/99] ur5          cluttered     ProteinIK Fast (V4 real-calib) succ 100.0  PBcol  54.7  MJcol  53.0  mean     0.5ms  [  0.3s cell, ETA   3.7m]
[ 65/99] ur5          cluttered     ProteinIK Raw Biology (V6)     succ 100.0  PBcol  46.3  MJcol  44.3  mean    13.8ms  [  4.6s cell, ETA   3.6m]
[ 66/99] ur5          cluttered     PyBullet native IK             succ   –    PBcol  72.0  MJcol  71.7  mean     5.4ms  [  1.9s cell, ETA   3.4m]
[franka_panda] PyBullet oracle ready: ee=panda_link8 offset=tool resid=6.60e-07
[franka_panda] MuJoCo oracle ready: offset=tool resid=6.66e-08
[franka_panda]  A/FK  PB↔MJ max_pos=5.90e-08m max_orient=4.13e-07rad
[franka_panda]  B/col proxy 0.5%  PB 9.2%  MJ 8.3%  sign-agree 99.1%
[ 67/99] franka_panda open_space    Jacobian DLS (real RTB LM, single-shot) succ  28.3  PBcol  12.0  MJcol  10.0  mean     0.7ms  [  0.4s cell, ETA   3.3m]
[ 68/99] franka_panda open_space    CCD (in-repo; no genuine upstream) succ  23.0  PBcol  19.0  MJcol  17.3  mean   217.1ms  [ 71.1s cell, ETA   3.7m]
[ 69/99] franka_panda open_space    FABRIK (in-repo; no genuine upstream) succ  18.0  PBcol  20.7  MJcol  20.0  mean   162.1ms  [ 52.8s cell, ETA   3.9m]
[ 70/99] franka_panda open_space    TRAC-IK (real C++ TRACLabs)    succ  98.7  PBcol   8.7  MJcol   7.0  mean     0.9ms  [  0.9s cell, ETA   3.7m]
[ 71/99] franka_panda open_space    Multi-start (real RTB ik_LM restarts) succ  99.3  PBcol   5.0  MJcol   3.7  mean     0.8ms  [  0.5s cell, ETA   3.6m]
[ 72/99] franka_panda open_space    ProteinIK (V1)                 succ  96.3  PBcol   7.7  MJcol   6.7  mean     0.2ms  [  0.2s cell, ETA   3.4m]
[ 73/99] franka_panda open_space    ProteinIK Fast (V4)            succ 100.0  PBcol   8.3  MJcol   7.7  mean     0.1ms  [  0.2s cell, ETA   3.2m]
[ 74/99] franka_panda open_space    ProteinIK Fast (V4+o2 IAM)     succ 100.0  PBcol   8.3  MJcol   7.7  mean     0.1ms  [  0.2s cell, ETA   3.0m]
[ 75/99] franka_panda open_space    ProteinIK Fast (V4 real-calib) succ 100.0  PBcol   8.3  MJcol   7.7  mean     0.1ms  [  0.2s cell, ETA   2.9m]
[ 76/99] franka_panda open_space    ProteinIK Raw Biology (V6)     succ  99.3  PBcol   8.0  MJcol   6.3  mean    20.8ms  [  6.9s cell, ETA   2.8m]
[ 77/99] franka_panda open_space    PyBullet native IK             succ   –    PBcol  32.0  MJcol  31.0  mean     4.4ms  [  1.5s cell, ETA   2.6m]
[ 78/99] franka_panda near_singular Jacobian DLS (real RTB LM, single-shot) succ  31.0  PBcol  10.0  MJcol   9.0  mean     0.7ms  [  0.4s cell, ETA   2.5m]
[ 79/99] franka_panda near_singular CCD (in-repo; no genuine upstream) succ  11.7  PBcol  15.0  MJcol  14.3  mean   252.5ms  [ 81.7s cell, ETA   2.7m]
[ 80/99] franka_panda near_singular FABRIK (in-repo; no genuine upstream) succ  11.3  PBcol  20.0  MJcol  19.7  mean   171.4ms  [ 55.8s cell, ETA   2.7m]
[ 81/99] franka_panda near_singular TRAC-IK (real C++ TRACLabs)    succ  99.0  PBcol   9.7  MJcol   9.3  mean     0.8ms  [  0.5s cell, ETA   2.6m]
[ 82/99] franka_panda near_singular Multi-start (real RTB ik_LM restarts) succ  98.0  PBcol   6.3  MJcol   4.7  mean     0.9ms  [  0.5s cell, ETA   2.4m]
[ 83/99] franka_panda near_singular ProteinIK (V1)                 succ  92.3  PBcol   9.0  MJcol   7.7  mean     0.2ms  [  0.2s cell, ETA   2.2m]
[ 84/99] franka_panda near_singular ProteinIK Fast (V4)            succ 100.0  PBcol   9.3  MJcol   8.7  mean     0.2ms  [  0.2s cell, ETA   2.1m]
[ 85/99] franka_panda near_singular ProteinIK Fast (V4+o2 IAM)     succ 100.0  PBcol   9.3  MJcol   8.7  mean     0.2ms  [  0.2s cell, ETA   1.9m]
[ 86/99] franka_panda near_singular ProteinIK Fast (V4 real-calib) succ 100.0  PBcol   9.3  MJcol   8.7  mean     0.2ms  [  0.2s cell, ETA   1.7m]
[ 87/99] franka_panda near_singular ProteinIK Raw Biology (V6)     succ  99.0  PBcol   5.3  MJcol   5.0  mean    20.5ms  [  6.8s cell, ETA   1.6m]
[ 88/99] franka_panda near_singular PyBullet native IK             succ   –    PBcol  22.3  MJcol  22.0  mean     6.8ms  [  2.3s cell, ETA   1.5m]
[ 89/99] franka_panda cluttered     Jacobian DLS (real RTB LM, single-shot) succ  19.0  PBcol  22.7  MJcol  20.7  mean     0.7ms  [  0.4s cell, ETA   1.3m]
[ 90/99] franka_panda cluttered     CCD (in-repo; no genuine upstream) succ  12.3  PBcol  82.7  MJcol  82.0  mean   236.6ms  [ 77.2s cell, ETA   1.3m]
[ 91/99] franka_panda cluttered     FABRIK (in-repo; no genuine upstream) succ  22.7  PBcol  76.7  MJcol  76.3  mean   149.8ms  [ 48.8s cell, ETA   1.2m]
[ 92/99] franka_panda cluttered     TRAC-IK (real C++ TRACLabs)    succ  94.7  PBcol  74.7  MJcol  74.3  mean     1.3ms  [  0.6s cell, ETA   1.1m]
[ 93/99] franka_panda cluttered     Multi-start (real RTB ik_LM restarts) succ  93.7  PBcol  74.3  MJcol  74.3  mean     1.1ms  [  0.6s cell, ETA   0.9m]
[ 94/99] franka_panda cluttered     ProteinIK (V1)                 succ  80.7  PBcol  74.0  MJcol  72.7  mean     0.3ms  [  0.3s cell, ETA   0.8m]
[ 95/99] franka_panda cluttered     ProteinIK Fast (V4)            succ  98.3  PBcol  80.0  MJcol  80.0  mean     0.7ms  [  0.4s cell, ETA   0.6m]
[ 96/99] franka_panda cluttered     ProteinIK Fast (V4+o2 IAM)     succ  98.3  PBcol  79.7  MJcol  79.7  mean     0.6ms  [  0.3s cell, ETA   0.5m]
[ 97/99] franka_panda cluttered     ProteinIK Fast (V4 real-calib) succ  98.0  PBcol  78.7  MJcol  78.3  mean     0.8ms  [  0.4s cell, ETA   0.3m]
[ 98/99] franka_panda cluttered     ProteinIK Raw Biology (V6)     succ  97.7  PBcol  78.3  MJcol  78.0  mean    20.9ms  [  6.9s cell, ETA   0.2m]
[ 99/99] franka_panda cluttered     PyBullet native IK             succ   –    PBcol  86.0  MJcol  85.7  mean     2.9ms  [  1.1s cell, ETA   0.0m]

Done in 14.9 min. Wrote results/master_full(cpp).csv, results/master_full(cpp).md, results/master_full(cpp).manifest.json (99 cells).
