[native] genuine solver overrides: jacobian_dls, multi_start, trac_ik_style
=== Master sim benchmark ===
  engines=PyBullet + MuJoCo  n/cell=300  cells=90 (0 already done, 90 to run)
  out=results/native/master_full_native.csv / results/native/master_full_native.md
/usr/lib/python3/dist-packages/scipy/__init__.py:146: UserWarning: A NumPy version >=1.17.3 and <1.25.0 is required for this version of SciPy (detected version 1.26.4
  warnings.warn(f"A NumPy version >={np_minversion} and <{np_maxversion}"
[  1/90] planar3dof   open_space    Jacobian DLS (real RTB LM, single-shot) succ  66.3  PBcol   –    MJcol   –    mean     0.2ms  [  0.8s cell, ETA   1.2m]
[  2/90] planar3dof   open_space    CCD (in-repo; no genuine upstream) succ  49.0  PBcol   –    MJcol   –    mean    53.6ms  [ 17.0s cell, ETA  13.1m]
[  3/90] planar3dof   open_space    FABRIK (in-repo; no genuine upstream) succ  44.0  PBcol   –    MJcol   –    mean    40.4ms  [ 13.1s cell, ETA  15.0m]
[  4/90] planar3dof   open_space    TRAC-IK (real C++ TRACLabs)    succ 100.0  PBcol   –    MJcol   –    mean     0.2ms  [  0.1s cell, ETA  11.1m]
[  5/90] planar3dof   open_space    Multi-start (real RTB ik_LM restarts) succ 100.0  PBcol   –    MJcol   –    mean     0.2ms  [  0.1s cell, ETA   8.8m]
[  6/90] planar3dof   open_space    ProteinIK (V1)                 succ  98.3  PBcol   –    MJcol   –    mean    14.7ms  [  4.8s cell, ETA   8.4m]
[  7/90] planar3dof   open_space    ProteinIK Fast (V4)            succ 100.0  PBcol   –    MJcol   –    mean    10.7ms  [  3.4s cell, ETA   7.8m]
[  8/90] planar3dof   open_space    ProteinIK Fast (V4+o2 IAM)     succ 100.0  PBcol   –    MJcol   –    mean    11.1ms  [  3.5s cell, ETA   7.3m]
[  9/90] planar3dof   open_space    ProteinIK Fast (V4 real-calib) succ 100.0  PBcol   –    MJcol   –    mean    10.8ms  [  3.4s cell, ETA   7.0m]
[ 10/90] planar3dof   open_space    Analytical IK (Planar 3-DOF, exact) succ 100.0  PBcol   –    MJcol   –    mean     0.1ms  [  0.0s cell, ETA   6.2m]
[ 11/90] planar3dof   near_singular Jacobian DLS (real RTB LM, single-shot) succ  64.3  PBcol   –    MJcol   –    mean     0.2ms  [  0.1s cell, ETA   5.8m]
[ 12/90] planar3dof   near_singular CCD (in-repo; no genuine upstream) succ  26.0  PBcol   –    MJcol   –    mean    75.2ms  [ 24.4s cell, ETA   8.1m]
[ 13/90] planar3dof   near_singular FABRIK (in-repo; no genuine upstream) succ  22.7  PBcol   –    MJcol   –    mean    55.1ms  [ 17.8s cell, ETA   9.3m]
[ 14/90] planar3dof   near_singular TRAC-IK (real C++ TRACLabs)    succ 100.0  PBcol   –    MJcol   –    mean     0.2ms  [  0.1s cell, ETA   8.7m]
[ 15/90] planar3dof   near_singular Multi-start (real RTB ik_LM restarts) succ 100.0  PBcol   –    MJcol   –    mean     0.2ms  [  0.1s cell, ETA   8.1m]
[ 16/90] planar3dof   near_singular ProteinIK (V1)                 succ  86.3  PBcol   –    MJcol   –    mean    39.0ms  [ 12.7s cell, ETA   8.6m]
[ 17/90] planar3dof   near_singular ProteinIK Fast (V4)            succ 100.0  PBcol   –    MJcol   –    mean    63.5ms  [ 20.6s cell, ETA   9.6m]
[ 18/90] planar3dof   near_singular ProteinIK Fast (V4+o2 IAM)     succ 100.0  PBcol   –    MJcol   –    mean    51.5ms  [ 16.4s cell, ETA  10.2m]
[ 19/90] planar3dof   near_singular ProteinIK Fast (V4 real-calib) succ 100.0  PBcol   –    MJcol   –    mean    63.3ms  [ 20.5s cell, ETA  10.9m]
[ 20/90] planar3dof   near_singular Analytical IK (Planar 3-DOF, exact) succ 100.0  PBcol   –    MJcol   –    mean     0.1ms  [  0.0s cell, ETA  10.3m]
[ 21/90] planar3dof   cluttered     Jacobian DLS (real RTB LM, single-shot) succ  67.7  PBcol   –    MJcol   –    mean     0.2ms  [  0.1s cell, ETA   9.7m]
[ 22/90] planar3dof   cluttered     CCD (in-repo; no genuine upstream) succ  21.7  PBcol   –    MJcol   –    mean    75.1ms  [ 24.4s cell, ETA  10.4m]
[ 23/90] planar3dof   cluttered     FABRIK (in-repo; no genuine upstream) succ  24.3  PBcol   –    MJcol   –    mean    51.2ms  [ 16.5s cell, ETA  10.6m]
[ 24/90] planar3dof   cluttered     TRAC-IK (real C++ TRACLabs)    succ 100.0  PBcol   –    MJcol   –    mean     0.2ms  [  0.1s cell, ETA  10.0m]
[ 25/90] planar3dof   cluttered     Multi-start (real RTB ik_LM restarts) succ 100.0  PBcol   –    MJcol   –    mean     0.2ms  [  0.1s cell, ETA   9.5m]
[ 26/90] planar3dof   cluttered     ProteinIK (V1)                 succ  91.7  PBcol   –    MJcol   –    mean    25.6ms  [  8.1s cell, ETA   9.3m]
[ 27/90] planar3dof   cluttered     ProteinIK Fast (V4)            succ 100.0  PBcol   –    MJcol   –    mean    66.1ms  [ 21.7s cell, ETA   9.7m]
[ 28/90] planar3dof   cluttered     ProteinIK Fast (V4+o2 IAM)     succ 100.0  PBcol   –    MJcol   –    mean    43.0ms  [ 14.5s cell, ETA   9.7m]
[ 29/90] planar3dof   cluttered     ProteinIK Fast (V4 real-calib) succ 100.0  PBcol   –    MJcol   –    mean    66.0ms  [ 21.7s cell, ETA  10.0m]
[ 30/90] planar3dof   cluttered     Analytical IK (Planar 3-DOF, exact) succ 100.0  PBcol   –    MJcol   –    mean     0.1ms  [  0.0s cell, ETA   9.5m]
pybullet build time: Jan 29 2025 23:16:28
[ur5] PyBullet oracle ready: ee=tool0 offset=base resid=9.48e-07
[ur5] MuJoCo oracle ready: offset=base resid=5.16e-08
[ur5]  A/FK  PB↔MJ max_pos=4.11e-08m max_orient=5.93e-07rad
[ur5]  B/col proxy 19.2%  PB 39.1%  MJ 37.0%  sign-agree 97.9%
[ 31/90] ur5          open_space    Jacobian DLS (real RTB LM, single-shot) succ  72.3  PBcol  39.3  MJcol  38.0  mean     0.6ms  [  0.4s cell, ETA   9.1m]
[ 32/90] ur5          open_space    CCD (in-repo; no genuine upstream) succ  43.7  PBcol  38.0  MJcol  37.3  mean   143.2ms  [ 46.3s cell, ETA  10.1m]
[ 33/90] ur5          open_space    FABRIK (in-repo; no genuine upstream) succ  49.7  PBcol  43.3  MJcol  41.3  mean    90.3ms  [ 28.9s cell, ETA  10.4m]
[ 34/90] ur5          open_space    TRAC-IK (real C++ TRACLabs)    succ  99.3  PBcol  37.0  MJcol  35.3  mean     0.6ms  [  0.7s cell, ETA  10.0m]
[ 35/90] ur5          open_space    Multi-start (real RTB ik_LM restarts) succ 100.0  PBcol  35.3  MJcol  33.0  mean     0.6ms  [  0.3s cell, ETA   9.5m]
[ 36/90] ur5          open_space    ProteinIK (V1)                 succ  94.0  PBcol  32.3  MJcol  31.3  mean    37.8ms  [ 12.1s cell, ETA   9.4m]
[ 37/90] ur5          open_space    ProteinIK Fast (V4)            succ 100.0  PBcol  28.0  MJcol  26.3  mean    12.6ms  [  4.1s cell, ETA   9.1m]
[ 38/90] ur5          open_space    ProteinIK Fast (V4+o2 IAM)     succ 100.0  PBcol  27.7  MJcol  26.0  mean    10.6ms  [  3.6s cell, ETA   8.7m]
[ 39/90] ur5          open_space    ProteinIK Fast (V4 real-calib) succ 100.0  PBcol  25.7  MJcol  23.3  mean   101.8ms  [ 32.2s cell, ETA   9.1m]
[ 40/90] ur5          open_space    PyBullet native IK             succ   –    PBcol  43.7  MJcol  42.3  mean     4.1ms  [  1.4s cell, ETA   8.7m]
[ 41/90] ur5          near_singular Jacobian DLS (real RTB LM, single-shot) succ  69.7  PBcol  47.7  MJcol  46.7  mean     0.6ms  [  0.4s cell, ETA   8.3m]
[ 42/90] ur5          near_singular CCD (in-repo; no genuine upstream) succ  32.0  PBcol  50.0  MJcol  48.3  mean   165.8ms  [ 54.9s cell, ETA   9.0m]
[ 43/90] ur5          near_singular FABRIK (in-repo; no genuine upstream) succ  34.7  PBcol  53.0  MJcol  51.0  mean   107.4ms  [ 34.7s cell, ETA   9.3m]
[ 44/90] ur5          near_singular TRAC-IK (real C++ TRACLabs)    succ  99.7  PBcol  46.0  MJcol  44.7  mean     0.5ms  [  0.3s cell, ETA   8.9m]
[ 45/90] ur5          near_singular Multi-start (real RTB ik_LM restarts) succ 100.0  PBcol  45.3  MJcol  44.7  mean     0.6ms  [  0.4s cell, ETA   8.5m]
[ 46/90] ur5          near_singular ProteinIK (V1)                 succ  90.7  PBcol  39.7  MJcol  37.3  mean    56.8ms  [ 18.2s cell, ETA   8.4m]
[ 47/90] ur5          near_singular ProteinIK Fast (V4)            succ 100.0  PBcol  38.3  MJcol  37.3  mean    24.3ms  [  7.7s cell, ETA   8.2m]
[ 48/90] ur5          near_singular ProteinIK Fast (V4+o2 IAM)     succ 100.0  PBcol  39.3  MJcol  38.0  mean    17.0ms  [  5.4s cell, ETA   7.9m]
[ 49/90] ur5          near_singular ProteinIK Fast (V4 real-calib) succ 100.0  PBcol  34.0  MJcol  32.0  mean   117.6ms  [ 37.8s cell, ETA   8.1m]
[ 50/90] ur5          near_singular PyBullet native IK             succ   –    PBcol  51.3  MJcol  50.3  mean     5.9ms  [  2.0s cell, ETA   7.7m]
[ 51/90] ur5          cluttered     Jacobian DLS (real RTB LM, single-shot) succ  77.0  PBcol  64.3  MJcol  63.3  mean     0.6ms  [  0.4s cell, ETA   7.4m]
[ 52/90] ur5          cluttered     CCD (in-repo; no genuine upstream) succ  41.0  PBcol  70.3  MJcol  67.7  mean   148.6ms  [ 48.6s cell, ETA   7.7m]
[ 53/90] ur5          cluttered     FABRIK (in-repo; no genuine upstream) succ  37.0  PBcol  68.0  MJcol  67.0  mean   100.8ms  [ 33.0s cell, ETA   7.7m]
[ 54/90] ur5          cluttered     TRAC-IK (real C++ TRACLabs)    succ 100.0  PBcol  74.0  MJcol  71.3  mean     0.4ms  [  0.3s cell, ETA   7.4m]
[ 55/90] ur5          cluttered     Multi-start (real RTB ik_LM restarts) succ 100.0  PBcol  71.7  MJcol  71.0  mean     0.6ms  [  0.4s cell, ETA   7.1m]
[ 56/90] ur5          cluttered     ProteinIK (V1)                 succ  89.7  PBcol  66.3  MJcol  64.0  mean    59.5ms  [ 19.2s cell, ETA   6.9m]
[ 57/90] ur5          cluttered     ProteinIK Fast (V4)            succ 100.0  PBcol  57.7  MJcol  56.7  mean    23.7ms  [  7.8s cell, ETA   6.7m]
[ 58/90] ur5          cluttered     ProteinIK Fast (V4+o2 IAM)     succ 100.0  PBcol  57.3  MJcol  56.3  mean    15.1ms  [  5.0s cell, ETA   6.4m]
[ 59/90] ur5          cluttered     ProteinIK Fast (V4 real-calib) succ 100.0  PBcol  55.0  MJcol  54.0  mean    88.6ms  [ 28.8s cell, ETA   6.4m]
[ 60/90] ur5          cluttered     PyBullet native IK             succ   –    PBcol  72.0  MJcol  71.7  mean     5.5ms  [  1.9s cell, ETA   6.1m]
[franka_panda] PyBullet oracle ready: ee=panda_link8 offset=tool resid=6.60e-07
[franka_panda] MuJoCo oracle ready: offset=tool resid=6.66e-08
[franka_panda]  A/FK  PB↔MJ max_pos=5.90e-08m max_orient=4.13e-07rad
[franka_panda]  B/col proxy 0.5%  PB 9.2%  MJ 8.3%  sign-agree 99.1%
[ 61/90] franka_panda open_space    Jacobian DLS (real RTB LM, single-shot) succ  28.3  PBcol   8.3  MJcol   7.0  mean     0.8ms  [  0.4s cell, ETA   5.8m]
[ 62/90] franka_panda open_space    CCD (in-repo; no genuine upstream) succ  23.0  PBcol  19.0  MJcol  17.3  mean   221.4ms  [ 72.6s cell, ETA   6.1m]
[ 63/90] franka_panda open_space    FABRIK (in-repo; no genuine upstream) succ  18.0  PBcol  20.7  MJcol  20.0  mean   164.6ms  [ 53.6s cell, ETA   6.1m]
[ 64/90] franka_panda open_space    TRAC-IK (real C++ TRACLabs)    succ  99.3  PBcol  10.0  MJcol   8.7  mean     0.8ms  [  0.9s cell, ETA   5.8m]
[ 65/90] franka_panda open_space    Multi-start (real RTB ik_LM restarts) succ  99.3  PBcol   7.0  MJcol   5.3  mean     0.9ms  [  0.5s cell, ETA   5.5m]
[ 66/90] franka_panda open_space    ProteinIK (V1)                 succ  98.0  PBcol  10.3  MJcol   8.7  mean    58.1ms  [ 18.9s cell, ETA   5.3m]
[ 67/90] franka_panda open_space    ProteinIK Fast (V4)            succ 100.0  PBcol   8.7  MJcol   8.7  mean    19.3ms  [  6.9s cell, ETA   5.1m]
[ 68/90] franka_panda open_space    ProteinIK Fast (V4+o2 IAM)     succ 100.0  PBcol   8.7  MJcol   8.7  mean    19.3ms  [  6.9s cell, ETA   4.8m]
[ 69/90] franka_panda open_space    ProteinIK Fast (V4 real-calib) succ 100.0  PBcol   8.7  MJcol   8.7  mean    20.8ms  [  7.0s cell, ETA   4.6m]
[ 70/90] franka_panda open_space    PyBullet native IK             succ   –    PBcol  32.0  MJcol  31.0  mean     4.5ms  [  1.6s cell, ETA   4.3m]
[ 71/90] franka_panda near_singular Jacobian DLS (real RTB LM, single-shot) succ  31.0  PBcol  12.0  MJcol  10.3  mean     0.8ms  [  0.5s cell, ETA   4.0m]
[ 72/90] franka_panda near_singular CCD (in-repo; no genuine upstream) succ  11.7  PBcol  15.0  MJcol  14.3  mean   266.4ms  [ 86.5s cell, ETA   4.1m]
[ 73/90] franka_panda near_singular FABRIK (in-repo; no genuine upstream) succ  11.3  PBcol  20.0  MJcol  19.7  mean   184.8ms  [ 60.2s cell, ETA   4.1m]
[ 74/90] franka_panda near_singular TRAC-IK (real C++ TRACLabs)    succ  98.0  PBcol   7.7  MJcol   7.3  mean     1.3ms  [  0.7s cell, ETA   3.8m]
[ 75/90] franka_panda near_singular Multi-start (real RTB ik_LM restarts) succ  98.0  PBcol   8.0  MJcol   6.7  mean     1.0ms  [  0.5s cell, ETA   3.5m]
[ 76/90] franka_panda near_singular ProteinIK (V1)                 succ  93.0  PBcol   9.7  MJcol   7.3  mean    69.5ms  [ 22.8s cell, ETA   3.3m]
[ 77/90] franka_panda near_singular ProteinIK Fast (V4)            succ  99.7  PBcol   9.0  MJcol   8.0  mean    26.2ms  [  8.2s cell, ETA   3.0m]
[ 78/90] franka_panda near_singular ProteinIK Fast (V4+o2 IAM)     succ  99.7  PBcol   9.0  MJcol   8.0  mean    26.5ms  [  8.3s cell, ETA   2.8m]
[ 79/90] franka_panda near_singular ProteinIK Fast (V4 real-calib) succ 100.0  PBcol   9.3  MJcol   8.3  mean    24.9ms  [  7.8s cell, ETA   2.6m]
[ 80/90] franka_panda near_singular PyBullet native IK             succ   –    PBcol  22.3  MJcol  22.0  mean     7.4ms  [  2.5s cell, ETA   2.3m]
[ 81/90] franka_panda cluttered     Jacobian DLS (real RTB LM, single-shot) succ  19.0  PBcol  21.3  MJcol  19.7  mean     0.8ms  [  0.5s cell, ETA   2.1m]
[ 82/90] franka_panda cluttered     CCD (in-repo; no genuine upstream) succ  12.3  PBcol  82.7  MJcol  82.0  mean   254.5ms  [ 83.0s cell, ETA   1.9m]
[ 83/90] franka_panda cluttered     FABRIK (in-repo; no genuine upstream) succ  22.7  PBcol  76.7  MJcol  76.3  mean   161.5ms  [ 52.6s cell, ETA   1.8m]
[ 84/90] franka_panda cluttered     TRAC-IK (real C++ TRACLabs)    succ  91.3  PBcol  74.3  MJcol  73.7  mean     1.4ms  [  0.7s cell, ETA   1.5m]
[ 85/90] franka_panda cluttered     Multi-start (real RTB ik_LM restarts) succ  93.0  PBcol  75.7  MJcol  75.0  mean     1.3ms  [  0.6s cell, ETA   1.2m]
[ 86/90] franka_panda cluttered     ProteinIK (V1)                 succ  83.3  PBcol  75.0  MJcol  75.0  mean    98.1ms  [ 32.2s cell, ETA   1.0m]
[ 87/90] franka_panda cluttered     ProteinIK Fast (V4)            succ  99.0  PBcol  80.7  MJcol  80.0  mean   110.5ms  [ 36.5s cell, ETA   0.8m]
[ 88/90] franka_panda cluttered     ProteinIK Fast (V4+o2 IAM)     succ  99.0  PBcol  80.7  MJcol  80.0  mean    99.3ms  [ 33.2s cell, ETA   0.5m]
[ 89/90] franka_panda cluttered     ProteinIK Fast (V4 real-calib) succ  98.0  PBcol  79.7  MJcol  79.0  mean   150.3ms  [ 49.2s cell, ETA   0.3m]
[ 90/90] franka_panda cluttered     PyBullet native IK             succ   –    PBcol  86.0  MJcol  85.7  mean     3.1ms  [  1.1s cell, ETA   0.0m]

Done in 24.1 min. Wrote results/native/master_full_native.csv, results/native/master_full_native.md, results/native/master_full_native.manifest.json (90 cells).
